0 info it worked if it ends with ok
1 verbose cli [ 'C:\\nodejs\\node.exe',
1 verbose cli   'C:\\nodejs\\node_modules\\npm\\bin\\npm-cli.js',
1 verbose cli   'bugs',
1 verbose cli   'nodeApi' ]
2 info using npm@3.10.10
3 info using node@v6.11.3
4 silly fetchPackageMetaData nodeApi
5 silly fetchNamedPackageData nodeApi
6 silly mapToRegistry name nodeApi
7 silly mapToRegistry using default registry
8 silly mapToRegistry registry https://registry.npmjs.org/
9 silly mapToRegistry data Result {
9 silly mapToRegistry   raw: 'nodeApi',
9 silly mapToRegistry   scope: null,
9 silly mapToRegistry   escapedName: 'nodeApi',
9 silly mapToRegistry   name: 'nodeApi',
9 silly mapToRegistry   rawSpec: '',
9 silly mapToRegistry   spec: 'latest',
9 silly mapToRegistry   type: 'tag' }
10 silly mapToRegistry uri https://registry.npmjs.org/nodeApi
11 verbose request uri https://registry.npmjs.org/nodeApi
12 verbose request no auth needed
13 info attempt registry request try #1 at 17:19:18
14 verbose request id 37986f9621949efb
15 http request GET https://registry.npmjs.org/nodeApi
16 http 404 https://registry.npmjs.org/nodeApi
17 verbose headers { 'content-type': 'application/json',
17 verbose headers   'cache-control': 'max-age=0',
17 verbose headers   'content-length': '2',
17 verbose headers   'accept-ranges': 'bytes',
17 verbose headers   date: 'Mon, 20 Nov 2017 20:19:22 GMT',
17 verbose headers   via: '1.1 varnish',
17 verbose headers   age: '0',
17 verbose headers   connection: 'keep-alive',
17 verbose headers   'x-served-by': 'cache-gru17126-GRU',
17 verbose headers   'x-cache': 'MISS',
17 verbose headers   'x-cache-hits': '0',
17 verbose headers   'x-timer': 'S1511209162.602419,VS0,VE787',
17 verbose headers   vary: 'Accept-Encoding' }
18 silly get cb [ 404,
18 silly get   { 'content-type': 'application/json',
18 silly get     'cache-control': 'max-age=0',
18 silly get     'content-length': '2',
18 silly get     'accept-ranges': 'bytes',
18 silly get     date: 'Mon, 20 Nov 2017 20:19:22 GMT',
18 silly get     via: '1.1 varnish',
18 silly get     age: '0',
18 silly get     connection: 'keep-alive',
18 silly get     'x-served-by': 'cache-gru17126-GRU',
18 silly get     'x-cache': 'MISS',
18 silly get     'x-cache-hits': '0',
18 silly get     'x-timer': 'S1511209162.602419,VS0,VE787',
18 silly get     vary: 'Accept-Encoding' } ]
19 silly fetchPackageMetaData Error: Registry returned 404 for GET on https://registry.npmjs.org/nodeApi
19 silly fetchPackageMetaData     at makeError (C:\nodejs\node_modules\npm\node_modules\npm-registry-client\lib\request.js:302:12)
19 silly fetchPackageMetaData     at CachingRegistryClient.<anonymous> (C:\nodejs\node_modules\npm\node_modules\npm-registry-client\lib\request.js:280:14)
19 silly fetchPackageMetaData     at Request._callback (C:\nodejs\node_modules\npm\node_modules\npm-registry-client\lib\request.js:210:14)
19 silly fetchPackageMetaData     at Request.self.callback (C:\nodejs\node_modules\npm\node_modules\request\request.js:187:22)
19 silly fetchPackageMetaData     at emitTwo (events.js:106:13)
19 silly fetchPackageMetaData     at Request.emit (events.js:191:7)
19 silly fetchPackageMetaData     at Request.<anonymous> (C:\nodejs\node_modules\npm\node_modules\request\request.js:1048:10)
19 silly fetchPackageMetaData     at emitOne (events.js:96:13)
19 silly fetchPackageMetaData     at Request.emit (events.js:188:7)
19 silly fetchPackageMetaData     at IncomingMessage.<anonymous> (C:\nodejs\node_modules\npm\node_modules\request\request.js:969:12)
19 silly fetchPackageMetaData  error for nodeApi { Error: Registry returned 404 for GET on https://registry.npmjs.org/nodeApi
19 silly fetchPackageMetaData     at makeError (C:\nodejs\node_modules\npm\node_modules\npm-registry-client\lib\request.js:302:12)
19 silly fetchPackageMetaData     at CachingRegistryClient.<anonymous> (C:\nodejs\node_modules\npm\node_modules\npm-registry-client\lib\request.js:280:14)
19 silly fetchPackageMetaData     at Request._callback (C:\nodejs\node_modules\npm\node_modules\npm-registry-client\lib\request.js:210:14)
19 silly fetchPackageMetaData     at Request.self.callback (C:\nodejs\node_modules\npm\node_modules\request\request.js:187:22)
19 silly fetchPackageMetaData     at emitTwo (events.js:106:13)
19 silly fetchPackageMetaData     at Request.emit (events.js:191:7)
19 silly fetchPackageMetaData     at Request.<anonymous> (C:\nodejs\node_modules\npm\node_modules\request\request.js:1048:10)
19 silly fetchPackageMetaData     at emitOne (events.js:96:13)
19 silly fetchPackageMetaData     at Request.emit (events.js:188:7)
19 silly fetchPackageMetaData     at IncomingMessage.<anonymous> (C:\nodejs\node_modules\npm\node_modules\request\request.js:969:12) pkgid: 'nodeApi', statusCode: 404, code: 'E404' }
20 verbose stack Error: Registry returned 404 for GET on https://registry.npmjs.org/nodeApi
20 verbose stack     at makeError (C:\nodejs\node_modules\npm\node_modules\npm-registry-client\lib\request.js:302:12)
20 verbose stack     at CachingRegistryClient.<anonymous> (C:\nodejs\node_modules\npm\node_modules\npm-registry-client\lib\request.js:280:14)
20 verbose stack     at Request._callback (C:\nodejs\node_modules\npm\node_modules\npm-registry-client\lib\request.js:210:14)
20 verbose stack     at Request.self.callback (C:\nodejs\node_modules\npm\node_modules\request\request.js:187:22)
20 verbose stack     at emitTwo (events.js:106:13)
20 verbose stack     at Request.emit (events.js:191:7)
20 verbose stack     at Request.<anonymous> (C:\nodejs\node_modules\npm\node_modules\request\request.js:1048:10)
20 verbose stack     at emitOne (events.js:96:13)
20 verbose stack     at Request.emit (events.js:188:7)
20 verbose stack     at IncomingMessage.<anonymous> (C:\nodejs\node_modules\npm\node_modules\request\request.js:969:12)
21 verbose statusCode 404
22 verbose pkgid nodeApi
23 verbose cwd C:\nodejs\apps\nodeApi
24 error Windows_NT 10.0.15063
25 error argv "C:\\nodejs\\node.exe" "C:\\nodejs\\node_modules\\npm\\bin\\npm-cli.js" "bugs" "nodeApi"
26 error node v6.11.3
27 error npm  v3.10.10
28 error code E404
29 error 404 Registry returned 404 for GET on https://registry.npmjs.org/nodeApi
30 error 404
31 error 404 'nodeApi' is not in the npm registry.
32 error 404 Your package name is not valid, because
33 error 404 1. name can no longer contain capital letters
34 error 404 Note that you can also install from a
35 error 404 tarball, folder, http url, or git url.
36 verbose exit [ 1, true ]
